# JRE version: OpenJDK Runtime Environment (8.0_152-b01) (build 1.8.0_152-release-1343-b01)
# Java VM: OpenJDK 64-Bit Server VM (25.152-b01 mixed mode windows-amd64 compressed oops)
Heap:
 PSYoungGen      total 311808K, used 70843K [0x00000000e0000000, 0x00000000f4c00000, 0x0000000100000000)
  eden space 288768K, 23% used [0x00000000e0000000,0x00000000e42f6ef0,0x00000000f1a00000)
  from space 23040K, 9% used [0x00000000f3580000,0x00000000f37b8020,0x00000000f4c00000)
  to   space 25600K, 0% used [0x00000000f1a00000,0x00000000f1a00000,0x00000000f3300000)
 ParOldGen       total 124928K, used 87870K [0x00000000a0000000, 0x00000000a7a00000, 0x00000000e0000000)
  object space 124928K, 70% used [0x00000000a0000000,0x00000000a55cfbe8,0x00000000a7a00000)
 Metaspace       used 90201K, capacity 93844K, committed 93952K, reserved 1130496K
  class space    used 11262K, capacity 11952K, committed 12032K, reserved 1048576K
GC Heap History (10 events):
Event: 682.402 GC heap before
{Heap before GC invocations=31 (full 3):
 PSYoungGen      total 232960K, used 214238K [0x00000000e0000000, 0x00000000f2280000, 0x0000000100000000)
  eden space 207872K, 100% used [0x00000000e0000000,0x00000000ecb00000,0x00000000ecb00000)
  from space 25088K, 25% used [0x00000000ecb00000,0x00000000ed137948,0x00000000ee380000)
  to   space 25088K, 0% used [0x00000000f0a00000,0x00000000f0a00000,0x00000000f2280000)
 ParOldGen       total 124928K, used 79158K [0x00000000a0000000, 0x00000000a7a00000, 0x00000000e0000000)
  object space 124928K, 63% used [0x00000000a0000000,0x00000000a4d4d968,0x00000000a7a00000)
 Metaspace       used 90053K, capacity 93690K, committed 93952K, reserved 1130496K
  class space    used 11260K, capacity 11951K, committed 12032K, reserved 1048576K
Event: 682.441 GC heap after
Heap after GC invocations=31 (full 3):
 PSYoungGen      total 272384K, used 5363K [0x00000000e0000000, 0x00000000f2300000, 0x0000000100000000)
  eden space 247296K, 0% used [0x00000000e0000000,0x00000000e0000000,0x00000000ef180000)
  from space 25088K, 21% used [0x00000000f0a00000,0x00000000f0f3ce60,0x00000000f2280000)
  to   space 25088K, 0% used [0x00000000ef180000,0x00000000ef180000,0x00000000f0a00000)
 ParOldGen       total 124928K, used 80298K [0x00000000a0000000, 0x00000000a7a00000, 0x00000000e0000000)
  object space 124928K, 64% used [0x00000000a0000000,0x00000000a4e6a998,0x00000000a7a00000)
 Metaspace       used 90053K, capacity 93690K, committed 93952K, reserved 1130496K
  class space    used 11260K, capacity 11951K, committed 12032K, reserved 1048576K
}
Event: 684.770 GC heap before
{Heap before GC invocations=32 (full 3):
 PSYoungGen      total 272384K, used 252659K [0x00000000e0000000, 0x00000000f2300000, 0x0000000100000000)
  eden space 247296K, 100% used [0x00000000e0000000,0x00000000ef180000,0x00000000ef180000)
  from space 25088K, 21% used [0x00000000f0a00000,0x00000000f0f3ce60,0x00000000f2280000)
  to   space 25088K, 0% used [0x00000000ef180000,0x00000000ef180000,0x00000000f0a00000)
 ParOldGen       total 124928K, used 80298K [0x00000000a0000000, 0x00000000a7a00000, 0x00000000e0000000)
  object space 124928K, 64% used [0x00000000a0000000,0x00000000a4e6a998,0x00000000a7a00000)
 Metaspace       used 90101K, capacity 93698K, committed 93952K, reserved 1130496K
  class space    used 11261K, capacity 11951K, committed 12032K, reserved 1048576K
Event: 684.784 GC heap after
Heap after GC invocations=32 (full 3):
 PSYoungGen      total 272384K, used 2699K [0x00000000e0000000, 0x00000000f4e80000, 0x0000000100000000)
  eden space 247296K, 0% used [0x00000000e0000000,0x00000000e0000000,0x00000000ef180000)
  from space 25088K, 10% used [0x00000000ef180000,0x00000000ef422c00,0x00000000f0a00000)
  to   space 25600K, 0% used [0x00000000f3580000,0x00000000f3580000,0x00000000f4e80000)
 ParOldGen       total 124928K, used 80898K [0x00000000a0000000, 0x00000000a7a00000, 0x00000000e0000000)
  object space 124928K, 64% used [0x00000000a0000000,0x00000000a4f009a8,0x00000000a7a00000)
 Metaspace       used 90101K, capacity 93698K, committed 93952K, reserved 1130496K
  class space    used 11261K, capacity 11951K, committed 12032K, reserved 1048576K
}
Event: 686.936 GC heap before
{Heap before GC invocations=33 (full 3):
 PSYoungGen      total 272384K, used 249995K [0x00000000e0000000, 0x00000000f4e80000, 0x0000000100000000)
  eden space 247296K, 100% used [0x00000000e0000000,0x00000000ef180000,0x00000000ef180000)
  from space 25088K, 10% used [0x00000000ef180000,0x00000000ef422c00,0x00000000f0a00000)
  to   space 25600K, 0% used [0x00000000f3580000,0x00000000f3580000,0x00000000f4e80000)
 ParOldGen       total 124928K, used 80898K [0x00000000a0000000, 0x00000000a7a00000, 0x00000000e0000000)
  object space 124928K, 64% used [0x00000000a0000000,0x00000000a4f009a8,0x00000000a7a00000)
 Metaspace       used 90125K, capacity 93762K, committed 93952K, reserved 1130496K
  class space    used 11261K, capacity 11951K, committed 12032K, reserved 1048576K
Event: 686.954 GC heap after
Heap after GC invocations=33 (full 3):
 PSYoungGen      total 311808K, used 1652K [0x00000000e0000000, 0x00000000f4c00000, 0x0000000100000000)
  eden space 288768K, 0% used [0x00000000e0000000,0x00000000e0000000,0x00000000f1a00000)
  from space 23040K, 7% used [0x00000000f3580000,0x00000000f371d010,0x00000000f4c00000)
  to   space 25600K, 0% used [0x00000000f1a00000,0x00000000f1a00000,0x00000000f3300000)
 ParOldGen       total 124928K, used 81228K [0x00000000a0000000, 0x00000000a7a00000, 0x00000000e0000000)
  object space 124928K, 65% used [0x00000000a0000000,0x00000000a4f53080,0x00000000a7a00000)
 Metaspace       used 90125K, capacity 93762K, committed 93952K, reserved 1130496K
  class space    used 11261K, capacity 11951K, committed 12032K, reserved 1048576K
}
Event: 689.577 GC heap before
{Heap before GC invocations=34 (full 3):
 PSYoungGen      total 311808K, used 290420K [0x00000000e0000000, 0x00000000f4c00000, 0x0000000100000000)
  eden space 288768K, 100% used [0x00000000e0000000,0x00000000f1a00000,0x00000000f1a00000)
  from space 23040K, 7% used [0x00000000f3580000,0x00000000f371d010,0x00000000f4c00000)
  to   space 25600K, 0% used [0x00000000f1a00000,0x00000000f1a00000,0x00000000f3300000)
 ParOldGen       total 124928K, used 81228K [0x00000000a0000000, 0x00000000a7a00000, 0x00000000e0000000)
  object space 124928K, 65% used [0x00000000a0000000,0x00000000a4f53080,0x00000000a7a00000)
 Metaspace       used 90180K, capacity 93780K, committed 93952K, reserved 1130496K
  class space    used 11261K, capacity 11952K, committed 12032K, reserved 1048576K
Event: 689.628 GC heap after
Heap after GC invocations=34 (full 3):
 PSYoungGen      total 314368K, used 8261K [0x00000000e0000000, 0x00000000f4c00000, 0x0000000100000000)
  eden space 288768K, 0% used [0x00000000e0000000,0x00000000e0000000,0x00000000f1a00000)
  from space 25600K, 32% used [0x00000000f1a00000,0x00000000f22117c8,0x00000000f3300000)
  to   space 23040K, 0% used [0x00000000f3580000,0x00000000f3580000,0x00000000f4c00000)
 ParOldGen       total 124928K, used 81429K [0x00000000a0000000, 0x00000000a7a00000, 0x00000000e0000000)
  object space 124928K, 65% used [0x00000000a0000000,0x00000000a4f856e8,0x00000000a7a00000)
 Metaspace       used 90180K, capacity 93780K, committed 93952K, reserved 1130496K
  class space    used 11261K, capacity 11952K, committed 12032K, reserved 1048576K
}
Event: 691.629 GC heap before
{Heap before GC invocations=35 (full 3):
 PSYoungGen      total 314368K, used 297029K [0x00000000e0000000, 0x00000000f4c00000, 0x0000000100000000)
  eden space 288768K, 100% used [0x00000000e0000000,0x00000000f1a00000,0x00000000f1a00000)
  from space 25600K, 32% used [0x00000000f1a00000,0x00000000f22117c8,0x00000000f3300000)
  to   space 23040K, 0% used [0x00000000f3580000,0x00000000f3580000,0x00000000f4c00000)
 ParOldGen       total 124928K, used 81429K [0x00000000a0000000, 0x00000000a7a00000, 0x00000000e0000000)
  object space 124928K, 65% used [0x00000000a0000000,0x00000000a4f856e8,0x00000000a7a00000)
 Metaspace       used 90199K, capacity 93844K, committed 93952K, reserved 1130496K
  class space    used 11262K, capacity 11952K, committed 12032K, reserved 1048576K
Event: 691.681 GC heap after
Heap after GC invocations=35 (full 3):
 PSYoungGen      total 311808K, used 2272K [0x00000000e0000000, 0x00000000f4c00000, 0x0000000100000000)
  eden space 288768K, 0% used [0x00000000e0000000,0x00000000e0000000,0x00000000f1a00000)
  from space 23040K, 9% used [0x00000000f3580000,0x00000000f37b8020,0x00000000f4c00000)
  to   space 25600K, 0% used [0x00000000f1a00000,0x00000000f1a00000,0x00000000f3300000)
 ParOldGen       total 124928K, used 87870K [0x00000000a0000000, 0x00000000a7a00000, 0x00000000e0000000)
  object space 124928K, 70% used [0x00000000a0000000,0x00000000a55cfbe8,0x00000000a7a00000)
 Metaspace       used 90199K, capacity 93844K, committed 93952K, reserved 1130496K
  class space    used 11262K, capacity 11952K, committed 12032K, reserved 1048576K
}

